2014/05/21 11:27:17 [error] [php] include(sasl_client_class.php): failed to open stream: No such file or directory (/var/www/blueu/framework/YiiBase.php:432)
Stack trace:
#0 unknown(0): spl_autoload_call()
#1 /var/www/blueu/protected/components/Smtp.php(391): class_exists()
#2 /var/www/blueu/protected/components/Smtp.php(636): Smtp->SASLAuthenticate()
#3 /var/www/blueu/protected/components/Smtp.php(855): Smtp->Connect()
#4 /var/www/blueu/protected/behaviors/AccountBehavior.php(39): Smtp->SendMessage()
#5 /var/www/blueu/protected/modules/admin/controllers/ManagerController.php(77): AccountBehavior->sendResetPwdMail()
#6 /var/www/blueu/framework/web/actions/CInlineAction.php(49): ManagerController->actionFindpwd()
#7 /var/www/blueu/framework/web/CController.php(308): CInlineAction->runWithParams()
#8 /var/www/blueu/framework/web/CController.php(286): ManagerController->runAction()
#9 /var/www/blueu/framework/web/CController.php(265): ManagerController->runActionWithFilters()
#10 /var/www/blueu/framework/web/CWebApplication.php(282): ManagerController->run()
#11 /var/www/blueu/framework/web/CWebApplication.php(141): CWebApplication->runController()
#12 /var/www/blueu/framework/base/CApplication.php(184): CWebApplication->processRequest()
#13 /var/www/blueu/index.php(13): CWebApplication->run()
REQUEST_URI=/admin/manager/findpwd
in /var/www/blueu/protected/components/Smtp.php (391)
in /var/www/blueu/protected/components/Smtp.php (636)
in /var/www/blueu/protected/components/Smtp.php (855)
2014/05/21 11:28:05 [error] [php] include(sasl_client_class.php): failed to open stream: No such file or directory (/var/www/blueu/framework/YiiBase.php:432)
Stack trace:
#0 unknown(0): spl_autoload_call()
#1 /var/www/blueu/protected/components/Smtp.php(391): class_exists()
#2 /var/www/blueu/protected/components/Smtp.php(636): Smtp->SASLAuthenticate()
#3 /var/www/blueu/protected/components/Smtp.php(855): Smtp->Connect()
#4 /var/www/blueu/protected/behaviors/AccountBehavior.php(39): Smtp->SendMessage()
#5 /var/www/blueu/protected/modules/admin/controllers/ManagerController.php(77): AccountBehavior->sendResetPwdMail()
#6 /var/www/blueu/framework/web/actions/CInlineAction.php(49): ManagerController->actionFindpwd()
#7 /var/www/blueu/framework/web/CController.php(308): CInlineAction->runWithParams()
#8 /var/www/blueu/framework/web/CController.php(286): ManagerController->runAction()
#9 /var/www/blueu/framework/web/CController.php(265): ManagerController->runActionWithFilters()
#10 /var/www/blueu/framework/web/CWebApplication.php(282): ManagerController->run()
#11 /var/www/blueu/framework/web/CWebApplication.php(141): CWebApplication->runController()
#12 /var/www/blueu/framework/base/CApplication.php(184): CWebApplication->processRequest()
#13 /var/www/blueu/index.php(13): CWebApplication->run()
REQUEST_URI=/admin/manager/findpwd
in /var/www/blueu/protected/components/Smtp.php (391)
in /var/www/blueu/protected/components/Smtp.php (636)
in /var/www/blueu/protected/components/Smtp.php (855)
2014/05/21 11:31:53 [error] [php] include(sasl_client_class.php): failed to open stream: No such file or directory (/var/www/blueu/framework/YiiBase.php:432)
Stack trace:
#0 unknown(0): spl_autoload_call()
#1 /var/www/blueu/protected/components/Smtp.php(391): class_exists()
#2 /var/www/blueu/protected/components/Smtp.php(636): Smtp->SASLAuthenticate()
#3 /var/www/blueu/protected/components/Smtp.php(855): Smtp->Connect()
#4 /var/www/blueu/protected/behaviors/AccountBehavior.php(61): Smtp->SendMessage()
#5 /var/www/blueu/protected/modules/admin/controllers/ManagerController.php(77): AccountBehavior->sendResetPwdMail()
#6 /var/www/blueu/framework/web/actions/CInlineAction.php(49): ManagerController->actionFindpwd()
#7 /var/www/blueu/framework/web/CController.php(308): CInlineAction->runWithParams()
#8 /var/www/blueu/framework/web/CController.php(286): ManagerController->runAction()
#9 /var/www/blueu/framework/web/CController.php(265): ManagerController->runActionWithFilters()
#10 /var/www/blueu/framework/web/CWebApplication.php(282): ManagerController->run()
#11 /var/www/blueu/framework/web/CWebApplication.php(141): CWebApplication->runController()
#12 /var/www/blueu/framework/base/CApplication.php(184): CWebApplication->processRequest()
#13 /var/www/blueu/index.php(13): CWebApplication->run()
REQUEST_URI=/admin/manager/findpwd
in /var/www/blueu/protected/components/Smtp.php (391)
in /var/www/blueu/protected/components/Smtp.php (636)
in /var/www/blueu/protected/components/Smtp.php (855)
2014/05/21 12:48:48 [error] [php] require(PHPMailerAutoload.php): failed to open stream: No such file or directory (/var/www/blueu/protected/components/Mailer.php:575)
Stack trace:
#0 /var/www/blueu/protected/modules/admin/controllers/ManagerController.php(77): AccountBehavior->sendResetPwdMail()
#1 /var/www/blueu/framework/web/actions/CInlineAction.php(49): ManagerController->actionFindpwd()
#2 /var/www/blueu/framework/web/CController.php(308): CInlineAction->runWithParams()
#3 /var/www/blueu/framework/web/CController.php(286): ManagerController->runAction()
#4 /var/www/blueu/framework/web/CController.php(265): ManagerController->runActionWithFilters()
#5 /var/www/blueu/framework/web/CWebApplication.php(282): ManagerController->run()
#6 /var/www/blueu/framework/web/CWebApplication.php(141): CWebApplication->runController()
#7 /var/www/blueu/framework/base/CApplication.php(184): CWebApplication->processRequest()
#8 /var/www/blueu/index.php(13): CWebApplication->run()
REQUEST_URI=/admin/manager/findpwd
in /var/www/blueu/protected/components/Mailer.php (575)
in /var/www/blueu/protected/components/Mailer.php (575)
in /var/www/blueu/protected/behaviors/AccountBehavior.php (27)
2014/05/21 12:49:26 [error] [php] require(PHPMailerAutoload.php): failed to open stream: No such file or directory (/var/www/blueu/protected/components/Mailer.php:575)
Stack trace:
#0 /var/www/blueu/protected/modules/admin/controllers/ManagerController.php(77): AccountBehavior->sendResetPwdMail()
#1 /var/www/blueu/framework/web/actions/CInlineAction.php(49): ManagerController->actionFindpwd()
#2 /var/www/blueu/framework/web/CController.php(308): CInlineAction->runWithParams()
#3 /var/www/blueu/framework/web/CController.php(286): ManagerController->runAction()
#4 /var/www/blueu/framework/web/CController.php(265): ManagerController->runActionWithFilters()
#5 /var/www/blueu/framework/web/CWebApplication.php(282): ManagerController->run()
#6 /var/www/blueu/framework/web/CWebApplication.php(141): CWebApplication->runController()
#7 /var/www/blueu/framework/base/CApplication.php(184): CWebApplication->processRequest()
#8 /var/www/blueu/index.php(13): CWebApplication->run()
REQUEST_URI=/admin/manager/findpwd
in /var/www/blueu/protected/components/Mailer.php (575)
in /var/www/blueu/protected/components/Mailer.php (575)
in /var/www/blueu/protected/behaviors/AccountBehavior.php (26)
2014/05/21 12:49:36 [error] [php] require(PHPMailerAutoload.php): failed to open stream: No such file or directory (/var/www/blueu/protected/components/Mailer.php:575)
Stack trace:
#0 /var/www/blueu/protected/modules/admin/controllers/ManagerController.php(77): AccountBehavior->sendResetPwdMail()
#1 /var/www/blueu/framework/web/actions/CInlineAction.php(49): ManagerController->actionFindpwd()
#2 /var/www/blueu/framework/web/CController.php(308): CInlineAction->runWithParams()
#3 /var/www/blueu/framework/web/CController.php(286): ManagerController->runAction()
#4 /var/www/blueu/framework/web/CController.php(265): ManagerController->runActionWithFilters()
#5 /var/www/blueu/framework/web/CWebApplication.php(282): ManagerController->run()
#6 /var/www/blueu/framework/web/CWebApplication.php(141): CWebApplication->runController()
#7 /var/www/blueu/framework/base/CApplication.php(184): CWebApplication->processRequest()
#8 /var/www/blueu/index.php(13): CWebApplication->run()
REQUEST_URI=/admin/manager/findpwd
in /var/www/blueu/protected/components/Mailer.php (575)
in /var/www/blueu/protected/components/Mailer.php (575)
in /var/www/blueu/protected/behaviors/AccountBehavior.php (26)
2014/05/21 12:50:22 [error] [php] require(PHPMailerAutoload.php): failed to open stream: No such file or directory (/var/www/blueu/protected/components/Mailer.php:575)
Stack trace:
#0 /var/www/blueu/protected/modules/admin/controllers/ManagerController.php(77): AccountBehavior->sendResetPwdMail()
#1 /var/www/blueu/framework/web/actions/CInlineAction.php(49): ManagerController->actionFindpwd()
#2 /var/www/blueu/framework/web/CController.php(308): CInlineAction->runWithParams()
#3 /var/www/blueu/framework/web/CController.php(286): ManagerController->runAction()
#4 /var/www/blueu/framework/web/CController.php(265): ManagerController->runActionWithFilters()
#5 /var/www/blueu/framework/web/CWebApplication.php(282): ManagerController->run()
#6 /var/www/blueu/framework/web/CWebApplication.php(141): CWebApplication->runController()
#7 /var/www/blueu/framework/base/CApplication.php(184): CWebApplication->processRequest()
#8 /var/www/blueu/index.php(13): CWebApplication->run()
REQUEST_URI=/admin/manager/findpwd
in /var/www/blueu/protected/components/Mailer.php (575)
in /var/www/blueu/protected/components/Mailer.php (575)
in /var/www/blueu/protected/behaviors/AccountBehavior.php (26)
2014/05/21 12:51:00 [error] [php] require(PHPMailerAutoload.php): failed to open stream: No such file or directory (/var/www/blueu/protected/components/Mailer.php:575)
Stack trace:
#0 /var/www/blueu/protected/modules/admin/controllers/ManagerController.php(77): AccountBehavior->sendResetPwdMail()
#1 /var/www/blueu/framework/web/actions/CInlineAction.php(49): ManagerController->actionFindpwd()
#2 /var/www/blueu/framework/web/CController.php(308): CInlineAction->runWithParams()
#3 /var/www/blueu/framework/web/CController.php(286): ManagerController->runAction()
#4 /var/www/blueu/framework/web/CController.php(265): ManagerController->runActionWithFilters()
#5 /var/www/blueu/framework/web/CWebApplication.php(282): ManagerController->run()
#6 /var/www/blueu/framework/web/CWebApplication.php(141): CWebApplication->runController()
#7 /var/www/blueu/framework/base/CApplication.php(184): CWebApplication->processRequest()
#8 /var/www/blueu/index.php(13): CWebApplication->run()
REQUEST_URI=/admin/manager/findpwd
in /var/www/blueu/protected/components/Mailer.php (575)
in /var/www/blueu/protected/components/Mailer.php (575)
in /var/www/blueu/protected/behaviors/AccountBehavior.php (26)
2014/05/21 12:54:16 [error] [php] require(PHPMailerAutoload.php): failed to open stream: No such file or directory (/var/www/blueu/protected/components/Mailer.php:575)
Stack trace:
#0 /var/www/blueu/protected/modules/admin/controllers/ManagerController.php(77): AccountBehavior->sendResetPwdMail()
#1 /var/www/blueu/framework/web/actions/CInlineAction.php(49): ManagerController->actionFindpwd()
#2 /var/www/blueu/framework/web/CController.php(308): CInlineAction->runWithParams()
#3 /var/www/blueu/framework/web/CController.php(286): ManagerController->runAction()
#4 /var/www/blueu/framework/web/CController.php(265): ManagerController->runActionWithFilters()
#5 /var/www/blueu/framework/web/CWebApplication.php(282): ManagerController->run()
#6 /var/www/blueu/framework/web/CWebApplication.php(141): CWebApplication->runController()
#7 /var/www/blueu/framework/base/CApplication.php(184): CWebApplication->processRequest()
#8 /var/www/blueu/index.php(13): CWebApplication->run()
REQUEST_URI=/admin/manager/findpwd
in /var/www/blueu/protected/components/Mailer.php (575)
in /var/www/blueu/protected/components/Mailer.php (575)
in /var/www/blueu/protected/behaviors/AccountBehavior.php (26)
2014/05/21 12:58:31 [error] [php] include(SMTP.php): failed to open stream: No such file or directory (/var/www/blueu/framework/YiiBase.php:432)
Stack trace:
#0 /var/www/blueu/protected/components/Mailer.php(1174): spl_autoload_call()
#1 /var/www/blueu/protected/components/Mailer.php(1264): Mailer->getSMTPInstance()
#2 /var/www/blueu/protected/components/Mailer.php(1195): Mailer->smtpConnect()
#3 /var/www/blueu/protected/components/Mailer.php(1039): Mailer->smtpSend()
#4 /var/www/blueu/protected/components/Mailer.php(946): Mailer->postSend()
#5 /var/www/blueu/protected/behaviors/AccountBehavior.php(61): Mailer->send()
#6 /var/www/blueu/protected/modules/admin/controllers/ManagerController.php(77): AccountBehavior->sendResetPwdMail()
#7 /var/www/blueu/framework/web/actions/CInlineAction.php(49): ManagerController->actionFindpwd()
#8 /var/www/blueu/framework/web/CController.php(308): CInlineAction->runWithParams()
#9 /var/www/blueu/framework/web/CController.php(286): ManagerController->runAction()
#10 /var/www/blueu/framework/web/CController.php(265): ManagerController->runActionWithFilters()
#11 /var/www/blueu/framework/web/CWebApplication.php(282): ManagerController->run()
#12 /var/www/blueu/framework/web/CWebApplication.php(141): CWebApplication->runController()
#13 /var/www/blueu/framework/base/CApplication.php(184): CWebApplication->processRequest()
#14 /var/www/blueu/index.php(13): CWebApplication->run()
REQUEST_URI=/admin/manager/findpwd
in /var/www/blueu/protected/components/Mailer.php (1174)
in /var/www/blueu/protected/components/Mailer.php (1264)
in /var/www/blueu/protected/components/Mailer.php (1195)
2014/05/21 12:59:30 [error] [php] include(SMTP.php): failed to open stream: No such file or directory (/var/www/blueu/framework/YiiBase.php:432)
Stack trace:
#0 /var/www/blueu/protected/components/Mailer.php(1174): spl_autoload_call()
#1 /var/www/blueu/protected/components/Mailer.php(1264): Mailer->getSMTPInstance()
#2 /var/www/blueu/protected/components/Mailer.php(1195): Mailer->smtpConnect()
#3 /var/www/blueu/protected/components/Mailer.php(1039): Mailer->smtpSend()
#4 /var/www/blueu/protected/components/Mailer.php(946): Mailer->postSend()
#5 /var/www/blueu/protected/behaviors/AccountBehavior.php(61): Mailer->send()
#6 /var/www/blueu/protected/modules/admin/controllers/ManagerController.php(77): AccountBehavior->sendResetPwdMail()
#7 /var/www/blueu/framework/web/actions/CInlineAction.php(49): ManagerController->actionFindpwd()
#8 /var/www/blueu/framework/web/CController.php(308): CInlineAction->runWithParams()
#9 /var/www/blueu/framework/web/CController.php(286): ManagerController->runAction()
#10 /var/www/blueu/framework/web/CController.php(265): ManagerController->runActionWithFilters()
#11 /var/www/blueu/framework/web/CWebApplication.php(282): ManagerController->run()
#12 /var/www/blueu/framework/web/CWebApplication.php(141): CWebApplication->runController()
#13 /var/www/blueu/framework/base/CApplication.php(184): CWebApplication->processRequest()
#14 /var/www/blueu/index.php(13): CWebApplication->run()
REQUEST_URI=/admin/manager/findpwd
in /var/www/blueu/protected/components/Mailer.php (1174)
in /var/www/blueu/protected/components/Mailer.php (1264)
in /var/www/blueu/protected/components/Mailer.php (1195)
2014/05/21 13:00:13 [error] [php] Object of class Mailer could not be converted to string (/var/www/blueu/protected/behaviors/AccountBehavior.php:40)
Stack trace:
#0 /var/www/blueu/framework/web/CController.php(308): CInlineAction->runWithParams()
#1 /var/www/blueu/framework/web/CController.php(286): ManagerController->runAction()
#2 /var/www/blueu/framework/web/CController.php(265): ManagerController->runActionWithFilters()
#3 /var/www/blueu/framework/web/CWebApplication.php(282): ManagerController->run()
#4 /var/www/blueu/framework/web/CWebApplication.php(141): CWebApplication->runController()
#5 /var/www/blueu/framework/base/CApplication.php(184): CWebApplication->processRequest()
#6 /var/www/blueu/index.php(13): CWebApplication->run()
REQUEST_URI=/admin/manager/findpwd
in /var/www/blueu/protected/behaviors/AccountBehavior.php (40)
in /var/www/blueu/protected/modules/admin/controllers/ManagerController.php (77)
in /var/www/blueu/index.php (13)
2014/05/21 13:00:25 [error] [php] include(SMTP.php): failed to open stream: No such file or directory (/var/www/blueu/framework/YiiBase.php:432)
Stack trace:
#0 /var/www/blueu/protected/components/Mailer.php(1174): spl_autoload_call()
#1 /var/www/blueu/protected/components/Mailer.php(1264): Mailer->getSMTPInstance()
#2 /var/www/blueu/protected/components/Mailer.php(1195): Mailer->smtpConnect()
#3 /var/www/blueu/protected/components/Mailer.php(1039): Mailer->smtpSend()
#4 /var/www/blueu/protected/components/Mailer.php(946): Mailer->postSend()
#5 /var/www/blueu/protected/behaviors/AccountBehavior.php(61): Mailer->send()
#6 /var/www/blueu/protected/modules/admin/controllers/ManagerController.php(77): AccountBehavior->sendResetPwdMail()
#7 /var/www/blueu/framework/web/actions/CInlineAction.php(49): ManagerController->actionFindpwd()
#8 /var/www/blueu/framework/web/CController.php(308): CInlineAction->runWithParams()
#9 /var/www/blueu/framework/web/CController.php(286): ManagerController->runAction()
#10 /var/www/blueu/framework/web/CController.php(265): ManagerController->runActionWithFilters()
#11 /var/www/blueu/framework/web/CWebApplication.php(282): ManagerController->run()
#12 /var/www/blueu/framework/web/CWebApplication.php(141): CWebApplication->runController()
#13 /var/www/blueu/framework/base/CApplication.php(184): CWebApplication->processRequest()
#14 /var/www/blueu/index.php(13): CWebApplication->run()
REQUEST_URI=/admin/manager/findpwd
in /var/www/blueu/protected/components/Mailer.php (1174)
in /var/www/blueu/protected/components/Mailer.php (1264)
in /var/www/blueu/protected/components/Mailer.php (1195)
2014/05/21 13:01:36 [error] [php] include(SMTP.php): failed to open stream: No such file or directory (/var/www/blueu/framework/YiiBase.php:432)
Stack trace:
#0 /var/www/blueu/protected/components/Mailer.php(1174): spl_autoload_call()
#1 /var/www/blueu/protected/components/Mailer.php(1264): Mailer->getSMTPInstance()
#2 /var/www/blueu/protected/components/Mailer.php(1195): Mailer->smtpConnect()
#3 /var/www/blueu/protected/components/Mailer.php(1039): Mailer->smtpSend()
#4 /var/www/blueu/protected/components/Mailer.php(946): Mailer->postSend()
#5 /var/www/blueu/protected/behaviors/AccountBehavior.php(63): Mailer->send()
#6 /var/www/blueu/protected/modules/admin/controllers/ManagerController.php(77): AccountBehavior->sendResetPwdMail()
#7 /var/www/blueu/framework/web/actions/CInlineAction.php(49): ManagerController->actionFindpwd()
#8 /var/www/blueu/framework/web/CController.php(308): CInlineAction->runWithParams()
#9 /var/www/blueu/framework/web/CController.php(286): ManagerController->runAction()
#10 /var/www/blueu/framework/web/CController.php(265): ManagerController->runActionWithFilters()
#11 /var/www/blueu/framework/web/CWebApplication.php(282): ManagerController->run()
#12 /var/www/blueu/framework/web/CWebApplication.php(141): CWebApplication->runController()
#13 /var/www/blueu/framework/base/CApplication.php(184): CWebApplication->processRequest()
#14 /var/www/blueu/index.php(13): CWebApplication->run()
REQUEST_URI=/admin/manager/findpwd
in /var/www/blueu/protected/components/Mailer.php (1174)
in /var/www/blueu/protected/components/Mailer.php (1264)
in /var/www/blueu/protected/components/Mailer.php (1195)
2014/05/21 13:01:50 [error] [php] include(SMTP.php): failed to open stream: No such file or directory (/var/www/blueu/framework/YiiBase.php:432)
Stack trace:
#0 /var/www/blueu/protected/components/Mailer.php(1174): spl_autoload_call()
#1 /var/www/blueu/protected/components/Mailer.php(1264): Mailer->getSMTPInstance()
#2 /var/www/blueu/protected/components/Mailer.php(1195): Mailer->smtpConnect()
#3 /var/www/blueu/protected/components/Mailer.php(1039): Mailer->smtpSend()
#4 /var/www/blueu/protected/components/Mailer.php(946): Mailer->postSend()
#5 /var/www/blueu/protected/behaviors/AccountBehavior.php(64): Mailer->send()
#6 /var/www/blueu/protected/modules/admin/controllers/ManagerController.php(77): AccountBehavior->sendResetPwdMail()
#7 /var/www/blueu/framework/web/actions/CInlineAction.php(49): ManagerController->actionFindpwd()
#8 /var/www/blueu/framework/web/CController.php(308): CInlineAction->runWithParams()
#9 /var/www/blueu/framework/web/CController.php(286): ManagerController->runAction()
#10 /var/www/blueu/framework/web/CController.php(265): ManagerController->runActionWithFilters()
#11 /var/www/blueu/framework/web/CWebApplication.php(282): ManagerController->run()
#12 /var/www/blueu/framework/web/CWebApplication.php(141): CWebApplication->runController()
#13 /var/www/blueu/framework/base/CApplication.php(184): CWebApplication->processRequest()
#14 /var/www/blueu/index.php(13): CWebApplication->run()
REQUEST_URI=/admin/manager/findpwd
in /var/www/blueu/protected/components/Mailer.php (1174)
in /var/www/blueu/protected/components/Mailer.php (1264)
in /var/www/blueu/protected/components/Mailer.php (1195)
2014/05/21 13:03:12 [error] [php] include(SMTP.php): failed to open stream: No such file or directory (/var/www/blueu/framework/YiiBase.php:432)
Stack trace:
#0 /var/www/blueu/protected/components/Mailer.php(1142): spl_autoload_call()
#1 /var/www/blueu/protected/components/Mailer.php(1229): Mailer->getSMTPInstance()
#2 /var/www/blueu/protected/components/Mailer.php(1162): Mailer->smtpConnect()
#3 /var/www/blueu/protected/components/Mailer.php(1010): Mailer->smtpSend()
#4 /var/www/blueu/protected/components/Mailer.php(926): Mailer->postSend()
#5 /var/www/blueu/protected/behaviors/AccountBehavior.php(64): Mailer->send()
#6 /var/www/blueu/protected/modules/admin/controllers/ManagerController.php(77): AccountBehavior->sendResetPwdMail()
#7 /var/www/blueu/framework/web/actions/CInlineAction.php(49): ManagerController->actionFindpwd()
#8 /var/www/blueu/framework/web/CController.php(308): CInlineAction->runWithParams()
#9 /var/www/blueu/framework/web/CController.php(286): ManagerController->runAction()
#10 /var/www/blueu/framework/web/CController.php(265): ManagerController->runActionWithFilters()
#11 /var/www/blueu/framework/web/CWebApplication.php(282): ManagerController->run()
#12 /var/www/blueu/framework/web/CWebApplication.php(141): CWebApplication->runController()
#13 /var/www/blueu/framework/base/CApplication.php(184): CWebApplication->processRequest()
#14 /var/www/blueu/index.php(13): CWebApplication->run()
REQUEST_URI=/admin/manager/findpwd
in /var/www/blueu/protected/components/Mailer.php (1142)
in /var/www/blueu/protected/components/Mailer.php (1229)
in /var/www/blueu/protected/components/Mailer.php (1162)
2014/05/21 13:03:25 [error] [php] include(SMTP.php): failed to open stream: No such file or directory (/var/www/blueu/framework/YiiBase.php:432)
Stack trace:
#0 /var/www/blueu/protected/components/Mailer.php(1143): spl_autoload_call()
#1 /var/www/blueu/protected/components/Mailer.php(1230): Mailer->getSMTPInstance()
#2 /var/www/blueu/protected/components/Mailer.php(1163): Mailer->smtpConnect()
#3 /var/www/blueu/protected/components/Mailer.php(1011): Mailer->smtpSend()
#4 /var/www/blueu/protected/components/Mailer.php(926): Mailer->postSend()
#5 /var/www/blueu/protected/behaviors/AccountBehavior.php(64): Mailer->send()
#6 /var/www/blueu/protected/modules/admin/controllers/ManagerController.php(77): AccountBehavior->sendResetPwdMail()
#7 /var/www/blueu/framework/web/actions/CInlineAction.php(49): ManagerController->actionFindpwd()
#8 /var/www/blueu/framework/web/CController.php(308): CInlineAction->runWithParams()
#9 /var/www/blueu/framework/web/CController.php(286): ManagerController->runAction()
#10 /var/www/blueu/framework/web/CController.php(265): ManagerController->runActionWithFilters()
#11 /var/www/blueu/framework/web/CWebApplication.php(282): ManagerController->run()
#12 /var/www/blueu/framework/web/CWebApplication.php(141): CWebApplication->runController()
#13 /var/www/blueu/framework/base/CApplication.php(184): CWebApplication->processRequest()
#14 /var/www/blueu/index.php(13): CWebApplication->run()
REQUEST_URI=/admin/manager/findpwd
in /var/www/blueu/protected/components/Mailer.php (1143)
in /var/www/blueu/protected/components/Mailer.php (1230)
in /var/www/blueu/protected/components/Mailer.php (1163)
2014/05/21 13:05:39 [error] [php] include(SMTP.php): failed to open stream: No such file or directory (/var/www/blueu/framework/YiiBase.php:432)
Stack trace:
#0 /var/www/blueu/protected/components/MailerHelp.php(1141): spl_autoload_call()
#1 /var/www/blueu/protected/components/MailerHelp.php(1228): MailerHelp->getSMTPInstance()
#2 /var/www/blueu/protected/components/MailerHelp.php(1161): MailerHelp->smtpConnect()
#3 /var/www/blueu/protected/components/MailerHelp.php(1009): MailerHelp->smtpSend()
#4 /var/www/blueu/protected/components/MailerHelp.php(926): MailerHelp->postSend()
#5 /var/www/blueu/protected/behaviors/AccountBehavior.php(64): MailerHelp->send()
#6 /var/www/blueu/protected/modules/admin/controllers/ManagerController.php(77): AccountBehavior->sendResetPwdMail()
#7 /var/www/blueu/framework/web/actions/CInlineAction.php(49): ManagerController->actionFindpwd()
#8 /var/www/blueu/framework/web/CController.php(308): CInlineAction->runWithParams()
#9 /var/www/blueu/framework/web/CController.php(286): ManagerController->runAction()
#10 /var/www/blueu/framework/web/CController.php(265): ManagerController->runActionWithFilters()
#11 /var/www/blueu/framework/web/CWebApplication.php(282): ManagerController->run()
#12 /var/www/blueu/framework/web/CWebApplication.php(141): CWebApplication->runController()
#13 /var/www/blueu/framework/base/CApplication.php(184): CWebApplication->processRequest()
#14 /var/www/blueu/index.php(13): CWebApplication->run()
REQUEST_URI=/admin/manager/findpwd
in /var/www/blueu/protected/components/MailerHelp.php (1141)
in /var/www/blueu/protected/components/MailerHelp.php (1228)
in /var/www/blueu/protected/components/MailerHelp.php (1161)
2014/05/21 13:06:00 [error] [php] include(SMTP.php): failed to open stream: No such file or directory (/var/www/blueu/framework/YiiBase.php:432)
Stack trace:
#0 /var/www/blueu/protected/components/MailerHelp.php(1141): spl_autoload_call()
#1 /var/www/blueu/protected/components/MailerHelp.php(1228): MailerHelp->getSMTPInstance()
#2 /var/www/blueu/protected/components/MailerHelp.php(1161): MailerHelp->smtpConnect()
#3 /var/www/blueu/protected/components/MailerHelp.php(1009): MailerHelp->smtpSend()
#4 /var/www/blueu/protected/components/MailerHelp.php(926): MailerHelp->postSend()
#5 /var/www/blueu/protected/behaviors/AccountBehavior.php(64): MailerHelp->send()
#6 /var/www/blueu/protected/modules/admin/controllers/ManagerController.php(77): AccountBehavior->sendResetPwdMail()
#7 /var/www/blueu/framework/web/actions/CInlineAction.php(49): ManagerController->actionFindpwd()
#8 /var/www/blueu/framework/web/CController.php(308): CInlineAction->runWithParams()
#9 /var/www/blueu/framework/web/CController.php(286): ManagerController->runAction()
#10 /var/www/blueu/framework/web/CController.php(265): ManagerController->runActionWithFilters()
#11 /var/www/blueu/framework/web/CWebApplication.php(282): ManagerController->run()
#12 /var/www/blueu/framework/web/CWebApplication.php(141): CWebApplication->runController()
#13 /var/www/blueu/framework/base/CApplication.php(184): CWebApplication->processRequest()
#14 /var/www/blueu/index.php(13): CWebApplication->run()
REQUEST_URI=/admin/manager/findpwd
in /var/www/blueu/protected/components/MailerHelp.php (1141)
in /var/www/blueu/protected/components/MailerHelp.php (1228)
in /var/www/blueu/protected/components/MailerHelp.php (1161)
2014/05/21 13:07:12 [error] [php] include(SMTP.php): failed to open stream: No such file or directory (/var/www/blueu/framework/YiiBase.php:432)
Stack trace:
#0 /var/www/blueu/protected/components/MailerHelp.php(1141): spl_autoload_call()
#1 /var/www/blueu/protected/components/MailerHelp.php(1228): MailerHelp->getSMTPInstance()
#2 /var/www/blueu/protected/components/MailerHelp.php(1161): MailerHelp->smtpConnect()
#3 /var/www/blueu/protected/components/MailerHelp.php(1009): MailerHelp->smtpSend()
#4 /var/www/blueu/protected/components/MailerHelp.php(926): MailerHelp->postSend()
#5 /var/www/blueu/protected/behaviors/AccountBehavior.php(65): MailerHelp->send()
#6 /var/www/blueu/protected/modules/admin/controllers/ManagerController.php(77): AccountBehavior->sendResetPwdMail()
#7 /var/www/blueu/framework/web/actions/CInlineAction.php(49): ManagerController->actionFindpwd()
#8 /var/www/blueu/framework/web/CController.php(308): CInlineAction->runWithParams()
#9 /var/www/blueu/framework/web/CController.php(286): ManagerController->runAction()
#10 /var/www/blueu/framework/web/CController.php(265): ManagerController->runActionWithFilters()
#11 /var/www/blueu/framework/web/CWebApplication.php(282): ManagerController->run()
#12 /var/www/blueu/framework/web/CWebApplication.php(141): CWebApplication->runController()
#13 /var/www/blueu/framework/base/CApplication.php(184): CWebApplication->processRequest()
#14 /var/www/blueu/index.php(13): CWebApplication->run()
REQUEST_URI=/admin/manager/findpwd
in /var/www/blueu/protected/components/MailerHelp.php (1141)
in /var/www/blueu/protected/components/MailerHelp.php (1228)
in /var/www/blueu/protected/components/MailerHelp.php (1161)
2014/05/21 13:07:24 [error] [php] include(SMTP.php): failed to open stream: No such file or directory (/var/www/blueu/framework/YiiBase.php:432)
Stack trace:
#0 /var/www/blueu/protected/components/MailerHelp.php(1141): spl_autoload_call()
#1 /var/www/blueu/protected/components/MailerHelp.php(1228): MailerHelp->getSMTPInstance()
#2 /var/www/blueu/protected/components/MailerHelp.php(1161): MailerHelp->smtpConnect()
#3 /var/www/blueu/protected/components/MailerHelp.php(1009): MailerHelp->smtpSend()
#4 /var/www/blueu/protected/components/MailerHelp.php(926): MailerHelp->postSend()
#5 /var/www/blueu/protected/behaviors/AccountBehavior.php(65): MailerHelp->send()
#6 /var/www/blueu/protected/modules/admin/controllers/ManagerController.php(77): AccountBehavior->sendResetPwdMail()
#7 /var/www/blueu/framework/web/actions/CInlineAction.php(49): ManagerController->actionFindpwd()
#8 /var/www/blueu/framework/web/CController.php(308): CInlineAction->runWithParams()
#9 /var/www/blueu/framework/web/CController.php(286): ManagerController->runAction()
#10 /var/www/blueu/framework/web/CController.php(265): ManagerController->runActionWithFilters()
#11 /var/www/blueu/framework/web/CWebApplication.php(282): ManagerController->run()
#12 /var/www/blueu/framework/web/CWebApplication.php(141): CWebApplication->runController()
#13 /var/www/blueu/framework/base/CApplication.php(184): CWebApplication->processRequest()
#14 /var/www/blueu/index.php(13): CWebApplication->run()
REQUEST_URI=/admin/manager/findpwd
in /var/www/blueu/protected/components/MailerHelp.php (1141)
in /var/www/blueu/protected/components/MailerHelp.php (1228)
in /var/www/blueu/protected/components/MailerHelp.php (1161)
2014/05/21 13:08:02 [error] [php] include(SMTP.php): failed to open stream: No such file or directory (/var/www/blueu/framework/YiiBase.php:432)
Stack trace:
#0 /var/www/blueu/protected/components/MailerHelp.php(1141): spl_autoload_call()
#1 /var/www/blueu/protected/components/MailerHelp.php(1228): MailerHelp->getSMTPInstance()
#2 /var/www/blueu/protected/components/MailerHelp.php(1161): MailerHelp->smtpConnect()
#3 /var/www/blueu/protected/components/MailerHelp.php(1009): MailerHelp->smtpSend()
#4 /var/www/blueu/protected/components/MailerHelp.php(926): MailerHelp->postSend()
#5 /var/www/blueu/protected/behaviors/AccountBehavior.php(65): MailerHelp->send()
#6 /var/www/blueu/protected/modules/admin/controllers/ManagerController.php(77): AccountBehavior->sendResetPwdMail()
#7 /var/www/blueu/framework/web/actions/CInlineAction.php(49): ManagerController->actionFindpwd()
#8 /var/www/blueu/framework/web/CController.php(308): CInlineAction->runWithParams()
#9 /var/www/blueu/framework/web/CController.php(286): ManagerController->runAction()
#10 /var/www/blueu/framework/web/CController.php(265): ManagerController->runActionWithFilters()
#11 /var/www/blueu/framework/web/CWebApplication.php(282): ManagerController->run()
#12 /var/www/blueu/framework/web/CWebApplication.php(141): CWebApplication->runController()
#13 /var/www/blueu/framework/base/CApplication.php(184): CWebApplication->processRequest()
#14 /var/www/blueu/index.php(13): CWebApplication->run()
REQUEST_URI=/admin/manager/findpwd
in /var/www/blueu/protected/components/MailerHelp.php (1141)
in /var/www/blueu/protected/components/MailerHelp.php (1228)
in /var/www/blueu/protected/components/MailerHelp.php (1161)
2014/05/21 13:08:11 [error] [php] include(SMTP.php): failed to open stream: No such file or directory (/var/www/blueu/framework/YiiBase.php:432)
Stack trace:
#0 /var/www/blueu/protected/components/MailerHelp.php(1141): spl_autoload_call()
#1 /var/www/blueu/protected/components/MailerHelp.php(1228): MailerHelp->getSMTPInstance()
#2 /var/www/blueu/protected/components/MailerHelp.php(1161): MailerHelp->smtpConnect()
#3 /var/www/blueu/protected/components/MailerHelp.php(1009): MailerHelp->smtpSend()
#4 /var/www/blueu/protected/components/MailerHelp.php(926): MailerHelp->postSend()
#5 /var/www/blueu/protected/behaviors/AccountBehavior.php(65): MailerHelp->send()
#6 /var/www/blueu/protected/modules/admin/controllers/ManagerController.php(77): AccountBehavior->sendResetPwdMail()
#7 /var/www/blueu/framework/web/actions/CInlineAction.php(49): ManagerController->actionFindpwd()
#8 /var/www/blueu/framework/web/CController.php(308): CInlineAction->runWithParams()
#9 /var/www/blueu/framework/web/CController.php(286): ManagerController->runAction()
#10 /var/www/blueu/framework/web/CController.php(265): ManagerController->runActionWithFilters()
#11 /var/www/blueu/framework/web/CWebApplication.php(282): ManagerController->run()
#12 /var/www/blueu/framework/web/CWebApplication.php(141): CWebApplication->runController()
#13 /var/www/blueu/framework/base/CApplication.php(184): CWebApplication->processRequest()
#14 /var/www/blueu/index.php(13): CWebApplication->run()
REQUEST_URI=/admin/manager/findpwd
in /var/www/blueu/protected/components/MailerHelp.php (1141)
in /var/www/blueu/protected/components/MailerHelp.php (1228)
in /var/www/blueu/protected/components/MailerHelp.php (1161)
2014/05/21 13:08:19 [error] [exception.CHttpException.404] exception 'CHttpException' with message '无法解析请求 "statics/js/jquery.min.map"。' in /var/www/blueu/framework/web/CWebApplication.php:286
Stack trace:
#0 /var/www/blueu/framework/web/CWebApplication.php(141): CWebApplication->runController('statics/js/jque...')
#1 /var/www/blueu/framework/base/CApplication.php(184): CWebApplication->processRequest()
#2 /var/www/blueu/index.php(13): CApplication->run()
#3 {main}
REQUEST_URI=/statics/js/jquery.min.map
HTTP_REFERER=http://blueu.hugb.com/admin/manager/findpwd
---
2014/05/21 13:12:30 [error] [php] include(/var/www/blueu/protected/extensions/phpmailer/JPhpMailer.php): failed to open stream: Permission denied (/var/www/blueu/framework/YiiBase.php:404)
Stack trace:
#0 /var/www/blueu/protected/behaviors/AccountBehavior.php(27): spl_autoload_call()
#1 /var/www/blueu/protected/modules/admin/controllers/ManagerController.php(77): AccountBehavior->sendResetPwdMail()
#2 /var/www/blueu/framework/web/actions/CInlineAction.php(49): ManagerController->actionFindpwd()
#3 /var/www/blueu/framework/web/CController.php(308): CInlineAction->runWithParams()
#4 /var/www/blueu/framework/web/CController.php(286): ManagerController->runAction()
#5 /var/www/blueu/framework/web/CController.php(265): ManagerController->runActionWithFilters()
#6 /var/www/blueu/framework/web/CWebApplication.php(282): ManagerController->run()
#7 /var/www/blueu/framework/web/CWebApplication.php(141): CWebApplication->runController()
#8 /var/www/blueu/framework/base/CApplication.php(184): CWebApplication->processRequest()
#9 /var/www/blueu/index.php(13): CWebApplication->run()
REQUEST_URI=/admin/manager/findpwd
in /var/www/blueu/protected/behaviors/AccountBehavior.php (27)
in /var/www/blueu/protected/modules/admin/controllers/ManagerController.php (77)
in /var/www/blueu/index.php (13)
2014/05/21 13:14:41 [error] [php] include(/var/www/blueu/protected/extensions/phpmailer/JPhpMailer.php): failed to open stream: Permission denied (/var/www/blueu/framework/YiiBase.php:404)
Stack trace:
#0 /var/www/blueu/protected/behaviors/AccountBehavior.php(28): spl_autoload_call()
#1 /var/www/blueu/protected/modules/admin/controllers/ManagerController.php(77): AccountBehavior->sendResetPwdMail()
#2 /var/www/blueu/framework/web/actions/CInlineAction.php(49): ManagerController->actionFindpwd()
#3 /var/www/blueu/framework/web/CController.php(308): CInlineAction->runWithParams()
#4 /var/www/blueu/framework/web/CController.php(286): ManagerController->runAction()
#5 /var/www/blueu/framework/web/CController.php(265): ManagerController->runActionWithFilters()
#6 /var/www/blueu/framework/web/CWebApplication.php(282): ManagerController->run()
#7 /var/www/blueu/framework/web/CWebApplication.php(141): CWebApplication->runController()
#8 /var/www/blueu/framework/base/CApplication.php(184): CWebApplication->processRequest()
#9 /var/www/blueu/index.php(13): CWebApplication->run()
REQUEST_URI=/admin/manager/findpwd
in /var/www/blueu/protected/behaviors/AccountBehavior.php (28)
in /var/www/blueu/protected/modules/admin/controllers/ManagerController.php (77)
in /var/www/blueu/index.php (13)
2014/05/21 13:19:34 [error] [php] include(/var/www/blueu/protected/extensions/phpmailer/JPhpMailer.php): failed to open stream: Permission denied (/var/www/blueu/framework/YiiBase.php:404)
Stack trace:
#0 /var/www/blueu/protected/behaviors/AccountBehavior.php(27): spl_autoload_call()
#1 /var/www/blueu/protected/modules/admin/controllers/ManagerController.php(77): AccountBehavior->sendResetPwdMail()
#2 /var/www/blueu/framework/web/actions/CInlineAction.php(49): ManagerController->actionFindpwd()
#3 /var/www/blueu/framework/web/CController.php(308): CInlineAction->runWithParams()
#4 /var/www/blueu/framework/web/CController.php(286): ManagerController->runAction()
#5 /var/www/blueu/framework/web/CController.php(265): ManagerController->runActionWithFilters()
#6 /var/www/blueu/framework/web/CWebApplication.php(282): ManagerController->run()
#7 /var/www/blueu/framework/web/CWebApplication.php(141): CWebApplication->runController()
#8 /var/www/blueu/framework/base/CApplication.php(184): CWebApplication->processRequest()
#9 /var/www/blueu/index.php(13): CWebApplication->run()
REQUEST_URI=/admin/manager/findpwd
in /var/www/blueu/protected/behaviors/AccountBehavior.php (27)
in /var/www/blueu/protected/modules/admin/controllers/ManagerController.php (77)
in /var/www/blueu/index.php (13)
2014/05/21 13:20:27 [error] [php] include(/var/www/blueu/protected/extensions/phpmailer/MailerHelp.php): failed to open stream: Permission denied (/var/www/blueu/framework/YiiBase.php:404)
Stack trace:
#0 /var/www/blueu/protected/behaviors/AccountBehavior.php(27): spl_autoload_call()
#1 /var/www/blueu/protected/modules/admin/controllers/ManagerController.php(77): AccountBehavior->sendResetPwdMail()
#2 /var/www/blueu/framework/web/actions/CInlineAction.php(49): ManagerController->actionFindpwd()
#3 /var/www/blueu/framework/web/CController.php(308): CInlineAction->runWithParams()
#4 /var/www/blueu/framework/web/CController.php(286): ManagerController->runAction()
#5 /var/www/blueu/framework/web/CController.php(265): ManagerController->runActionWithFilters()
#6 /var/www/blueu/framework/web/CWebApplication.php(282): ManagerController->run()
#7 /var/www/blueu/framework/web/CWebApplication.php(141): CWebApplication->runController()
#8 /var/www/blueu/framework/base/CApplication.php(184): CWebApplication->processRequest()
#9 /var/www/blueu/index.php(13): CWebApplication->run()
REQUEST_URI=/admin/manager/findpwd
in /var/www/blueu/protected/behaviors/AccountBehavior.php (27)
in /var/www/blueu/protected/modules/admin/controllers/ManagerController.php (77)
in /var/www/blueu/index.php (13)
2014/05/21 13:22:03 [error] [php] include(/var/www/blueu/protected/extensions/phpmailer/MailerHelp.php): failed to open stream: Permission denied (/var/www/blueu/framework/YiiBase.php:404)
Stack trace:
#0 /var/www/blueu/protected/behaviors/AccountBehavior.php(27): spl_autoload_call()
#1 /var/www/blueu/protected/modules/admin/controllers/ManagerController.php(77): AccountBehavior->sendResetPwdMail()
#2 /var/www/blueu/framework/web/actions/CInlineAction.php(49): ManagerController->actionFindpwd()
#3 /var/www/blueu/framework/web/CController.php(308): CInlineAction->runWithParams()
#4 /var/www/blueu/framework/web/CController.php(286): ManagerController->runAction()
#5 /var/www/blueu/framework/web/CController.php(265): ManagerController->runActionWithFilters()
#6 /var/www/blueu/framework/web/CWebApplication.php(282): ManagerController->run()
#7 /var/www/blueu/framework/web/CWebApplication.php(141): CWebApplication->runController()
#8 /var/www/blueu/framework/base/CApplication.php(184): CWebApplication->processRequest()
#9 /var/www/blueu/index.php(13): CWebApplication->run()
REQUEST_URI=/admin/manager/findpwd
in /var/www/blueu/protected/behaviors/AccountBehavior.php (27)
in /var/www/blueu/protected/modules/admin/controllers/ManagerController.php (77)
in /var/www/blueu/index.php (13)
2014/05/21 13:22:32 [error] [php] include(/var/www/blueu/protected/extensions/phpmailer/MailerHelp.php): failed to open stream: Permission denied (/var/www/blueu/framework/YiiBase.php:404)
Stack trace:
#0 /var/www/blueu/protected/behaviors/AccountBehavior.php(27): spl_autoload_call()
#1 /var/www/blueu/protected/modules/admin/controllers/ManagerController.php(77): AccountBehavior->sendResetPwdMail()
#2 /var/www/blueu/framework/web/actions/CInlineAction.php(49): ManagerController->actionFindpwd()
#3 /var/www/blueu/framework/web/CController.php(308): CInlineAction->runWithParams()
#4 /var/www/blueu/framework/web/CController.php(286): ManagerController->runAction()
#5 /var/www/blueu/framework/web/CController.php(265): ManagerController->runActionWithFilters()
#6 /var/www/blueu/framework/web/CWebApplication.php(282): ManagerController->run()
#7 /var/www/blueu/framework/web/CWebApplication.php(141): CWebApplication->runController()
#8 /var/www/blueu/framework/base/CApplication.php(184): CWebApplication->processRequest()
#9 /var/www/blueu/index.php(13): CWebApplication->run()
REQUEST_URI=/admin/manager/findpwd
in /var/www/blueu/protected/behaviors/AccountBehavior.php (27)
in /var/www/blueu/protected/modules/admin/controllers/ManagerController.php (77)
in /var/www/blueu/index.php (13)
2014/05/21 13:23:03 [error] [php] include(/var/www/blueu/protected/extensions/phpmailer/MailerHelp.php): failed to open stream: Permission denied (/var/www/blueu/framework/YiiBase.php:404)
Stack trace:
#0 /var/www/blueu/protected/behaviors/AccountBehavior.php(27): spl_autoload_call()
#1 /var/www/blueu/protected/modules/admin/controllers/ManagerController.php(77): AccountBehavior->sendResetPwdMail()
#2 /var/www/blueu/framework/web/actions/CInlineAction.php(49): ManagerController->actionFindpwd()
#3 /var/www/blueu/framework/web/CController.php(308): CInlineAction->runWithParams()
#4 /var/www/blueu/framework/web/CController.php(286): ManagerController->runAction()
#5 /var/www/blueu/framework/web/CController.php(265): ManagerController->runActionWithFilters()
#6 /var/www/blueu/framework/web/CWebApplication.php(282): ManagerController->run()
#7 /var/www/blueu/framework/web/CWebApplication.php(141): CWebApplication->runController()
#8 /var/www/blueu/framework/base/CApplication.php(184): CWebApplication->processRequest()
#9 /var/www/blueu/index.php(13): CWebApplication->run()
REQUEST_URI=/admin/manager/findpwd
in /var/www/blueu/protected/behaviors/AccountBehavior.php (27)
in /var/www/blueu/protected/modules/admin/controllers/ManagerController.php (77)
in /var/www/blueu/index.php (13)
2014/05/21 13:23:45 [error] [php] include(/var/www/blueu/protected/extensions/phpmailer/MailerHelp.php): failed to open stream: Permission denied (/var/www/blueu/framework/YiiBase.php:404)
Stack trace:
#0 /var/www/blueu/protected/behaviors/AccountBehavior.php(27): spl_autoload_call()
#1 /var/www/blueu/protected/modules/admin/controllers/ManagerController.php(77): AccountBehavior->sendResetPwdMail()
#2 /var/www/blueu/framework/web/actions/CInlineAction.php(49): ManagerController->actionFindpwd()
#3 /var/www/blueu/framework/web/CController.php(308): CInlineAction->runWithParams()
#4 /var/www/blueu/framework/web/CController.php(286): ManagerController->runAction()
#5 /var/www/blueu/framework/web/CController.php(265): ManagerController->runActionWithFilters()
#6 /var/www/blueu/framework/web/CWebApplication.php(282): ManagerController->run()
#7 /var/www/blueu/framework/web/CWebApplication.php(141): CWebApplication->runController()
#8 /var/www/blueu/framework/base/CApplication.php(184): CWebApplication->processRequest()
#9 /var/www/blueu/index.php(13): CWebApplication->run()
REQUEST_URI=/admin/manager/findpwd
in /var/www/blueu/protected/behaviors/AccountBehavior.php (27)
in /var/www/blueu/protected/modules/admin/controllers/ManagerController.php (77)
in /var/www/blueu/index.php (13)
2014/05/21 13:27:34 [error] [exception.CException] exception 'CException' with message '别名 "application.extensions.mailer.EMailer" 无效。请确认它指向一个存在的PHP文件。' in /var/www/blueu/framework/YiiBase.php:323
Stack trace:
#0 /var/www/blueu/framework/YiiBase.php(196): YiiBase::import('application.ext...', true)
#1 /var/www/blueu/protected/behaviors/AccountBehavior.php(39): YiiBase::createComponent('application.ext...')
#2 /var/www/blueu/protected/modules/admin/controllers/ManagerController.php(77): AccountBehavior->sendResetPwdMail('hugb@yun70.com....')
#3 /var/www/blueu/framework/web/actions/CInlineAction.php(49): ManagerController->actionFindpwd()
#4 /var/www/blueu/framework/web/CController.php(308): CInlineAction->runWithParams(Array)
#5 /var/www/blueu/framework/web/CController.php(286): CController->runAction(Object(CInlineAction))
#6 /var/www/blueu/framework/web/CController.php(265): CController->runActionWithFilters(Object(CInlineAction), Array)
#7 /var/www/blueu/framework/web/CWebApplication.php(282): CController->run('findpwd')
#8 /var/www/blueu/framework/web/CWebApplication.php(141): CWebApplication->runController('admin/manager/f...')
#9 /var/www/blueu/framework/base/CApplication.php(184): CWebApplication->processRequest()
#10 /var/www/blueu/index.php(13): CApplication->run()
#11 {main}
REQUEST_URI=/admin/manager/findpwd
HTTP_REFERER=http://blueu.hugb.com/admin/manager/findpwd
---
2014/05/21 13:31:49 [error] [exception.CException] exception 'CException' with message '别名 "application.extensions.mailer.EMailer" 无效。请确认它指向一个存在的PHP文件。' in /var/www/blueu/framework/YiiBase.php:323
Stack trace:
#0 /var/www/blueu/framework/YiiBase.php(196): YiiBase::import('application.ext...', true)
#1 /var/www/blueu/protected/behaviors/AccountBehavior.php(40): YiiBase::createComponent('application.ext...')
#2 /var/www/blueu/protected/modules/admin/controllers/ManagerController.php(77): AccountBehavior->sendResetPwdMail('hugb@yun70.com....')
#3 /var/www/blueu/framework/web/actions/CInlineAction.php(49): ManagerController->actionFindpwd()
#4 /var/www/blueu/framework/web/CController.php(308): CInlineAction->runWithParams(Array)
#5 /var/www/blueu/framework/web/CController.php(286): CController->runAction(Object(CInlineAction))
#6 /var/www/blueu/framework/web/CController.php(265): CController->runActionWithFilters(Object(CInlineAction), Array)
#7 /var/www/blueu/framework/web/CWebApplication.php(282): CController->run('findpwd')
#8 /var/www/blueu/framework/web/CWebApplication.php(141): CWebApplication->runController('admin/manager/f...')
#9 /var/www/blueu/framework/base/CApplication.php(184): CWebApplication->processRequest()
#10 /var/www/blueu/index.php(13): CApplication->run()
#11 {main}
REQUEST_URI=/admin/manager/findpwd
HTTP_REFERER=http://blueu.hugb.com/admin/manager/findpwd
---
2014/05/21 13:32:25 [error] [exception.CException] exception 'CException' with message '别名 "application.extensions.mailer.EMailer" 无效。请确认它指向一个存在的PHP文件。' in /var/www/blueu/framework/YiiBase.php:323
Stack trace:
#0 /var/www/blueu/framework/YiiBase.php(196): YiiBase::import('application.ext...', true)
#1 /var/www/blueu/protected/behaviors/AccountBehavior.php(40): YiiBase::createComponent('application.ext...')
#2 /var/www/blueu/protected/modules/admin/controllers/ManagerController.php(77): AccountBehavior->sendResetPwdMail('hugb@yun70.com....')
#3 /var/www/blueu/framework/web/actions/CInlineAction.php(49): ManagerController->actionFindpwd()
#4 /var/www/blueu/framework/web/CController.php(308): CInlineAction->runWithParams(Array)
#5 /var/www/blueu/framework/web/CController.php(286): CController->runAction(Object(CInlineAction))
#6 /var/www/blueu/framework/web/CController.php(265): CController->runActionWithFilters(Object(CInlineAction), Array)
#7 /var/www/blueu/framework/web/CWebApplication.php(282): CController->run('findpwd')
#8 /var/www/blueu/framework/web/CWebApplication.php(141): CWebApplication->runController('admin/manager/f...')
#9 /var/www/blueu/framework/base/CApplication.php(184): CWebApplication->processRequest()
#10 /var/www/blueu/index.php(13): CApplication->run()
#11 {main}
REQUEST_URI=/admin/manager/findpwd
HTTP_REFERER=http://blueu.hugb.com/admin/manager/findpwd
---
2014/05/21 13:32:28 [error] [exception.CException] exception 'CException' with message '别名 "application.extensions.mailer.EMailer" 无效。请确认它指向一个存在的PHP文件。' in /var/www/blueu/framework/YiiBase.php:323
Stack trace:
#0 /var/www/blueu/framework/YiiBase.php(196): YiiBase::import('application.ext...', true)
#1 /var/www/blueu/protected/behaviors/AccountBehavior.php(40): YiiBase::createComponent('application.ext...')
#2 /var/www/blueu/protected/modules/admin/controllers/ManagerController.php(77): AccountBehavior->sendResetPwdMail('hugb@yun70.com....')
#3 /var/www/blueu/framework/web/actions/CInlineAction.php(49): ManagerController->actionFindpwd()
#4 /var/www/blueu/framework/web/CController.php(308): CInlineAction->runWithParams(Array)
#5 /var/www/blueu/framework/web/CController.php(286): CController->runAction(Object(CInlineAction))
#6 /var/www/blueu/framework/web/CController.php(265): CController->runActionWithFilters(Object(CInlineAction), Array)
#7 /var/www/blueu/framework/web/CWebApplication.php(282): CController->run('findpwd')
#8 /var/www/blueu/framework/web/CWebApplication.php(141): CWebApplication->runController('admin/manager/f...')
#9 /var/www/blueu/framework/base/CApplication.php(184): CWebApplication->processRequest()
#10 /var/www/blueu/index.php(13): CApplication->run()
#11 {main}
REQUEST_URI=/admin/manager/findpwd
HTTP_REFERER=http://blueu.hugb.com/admin/manager/findpwd
---
2014/05/21 13:33:18 [error] [exception.CException] exception 'CException' with message '别名 "application.extensions.mailer.EMailer" 无效。请确认它指向一个存在的PHP文件。' in /var/www/blueu/framework/YiiBase.php:323
Stack trace:
#0 /var/www/blueu/framework/YiiBase.php(196): YiiBase::import('application.ext...', true)
#1 /var/www/blueu/protected/behaviors/AccountBehavior.php(41): YiiBase::createComponent('application.ext...')
#2 /var/www/blueu/protected/modules/admin/controllers/ManagerController.php(77): AccountBehavior->sendResetPwdMail('hugb@yun70.com....')
#3 /var/www/blueu/framework/web/actions/CInlineAction.php(49): ManagerController->actionFindpwd()
#4 /var/www/blueu/framework/web/CController.php(308): CInlineAction->runWithParams(Array)
#5 /var/www/blueu/framework/web/CController.php(286): CController->runAction(Object(CInlineAction))
#6 /var/www/blueu/framework/web/CController.php(265): CController->runActionWithFilters(Object(CInlineAction), Array)
#7 /var/www/blueu/framework/web/CWebApplication.php(282): CController->run('findpwd')
#8 /var/www/blueu/framework/web/CWebApplication.php(141): CWebApplication->runController('admin/manager/f...')
#9 /var/www/blueu/framework/base/CApplication.php(184): CWebApplication->processRequest()
#10 /var/www/blueu/index.php(13): CApplication->run()
#11 {main}
REQUEST_URI=/admin/manager/findpwd
HTTP_REFERER=http://blueu.hugb.com/admin/manager/findpwd
---
2014/05/21 13:34:53 [error] [exception.CException] exception 'CException' with message '别名 "application.extensions.mailer.EMailer" 无效。请确认它指向一个存在的PHP文件。' in /var/www/blueu/framework/YiiBase.php:323
Stack trace:
#0 /var/www/blueu/framework/YiiBase.php(196): YiiBase::import('application.ext...', true)
#1 /var/www/blueu/protected/behaviors/AccountBehavior.php(41): YiiBase::createComponent('application.ext...')
#2 /var/www/blueu/protected/modules/admin/controllers/ManagerController.php(77): AccountBehavior->sendResetPwdMail('hugb@yun70.com....')
#3 /var/www/blueu/framework/web/actions/CInlineAction.php(49): ManagerController->actionFindpwd()
#4 /var/www/blueu/framework/web/CController.php(308): CInlineAction->runWithParams(Array)
#5 /var/www/blueu/framework/web/CController.php(286): CController->runAction(Object(CInlineAction))
#6 /var/www/blueu/framework/web/CController.php(265): CController->runActionWithFilters(Object(CInlineAction), Array)
#7 /var/www/blueu/framework/web/CWebApplication.php(282): CController->run('findpwd')
#8 /var/www/blueu/framework/web/CWebApplication.php(141): CWebApplication->runController('admin/manager/f...')
#9 /var/www/blueu/framework/base/CApplication.php(184): CWebApplication->processRequest()
#10 /var/www/blueu/index.php(13): CApplication->run()
#11 {main}
REQUEST_URI=/admin/manager/findpwd
HTTP_REFERER=http://blueu.hugb.com/admin/manager/findpwd
---
2014/05/21 13:35:04 [error] [exception.CException] exception 'CException' with message '别名 "application.extensions.mailer.EMailer" 无效。请确认它指向一个存在的PHP文件。' in /var/www/blueu/framework/YiiBase.php:323
Stack trace:
#0 /var/www/blueu/framework/YiiBase.php(196): YiiBase::import('application.ext...', true)
#1 /var/www/blueu/protected/behaviors/AccountBehavior.php(41): YiiBase::createComponent('application.ext...')
#2 /var/www/blueu/protected/modules/admin/controllers/ManagerController.php(77): AccountBehavior->sendResetPwdMail('hugb@yun70.com....')
#3 /var/www/blueu/framework/web/actions/CInlineAction.php(49): ManagerController->actionFindpwd()
#4 /var/www/blueu/framework/web/CController.php(308): CInlineAction->runWithParams(Array)
#5 /var/www/blueu/framework/web/CController.php(286): CController->runAction(Object(CInlineAction))
#6 /var/www/blueu/framework/web/CController.php(265): CController->runActionWithFilters(Object(CInlineAction), Array)
#7 /var/www/blueu/framework/web/CWebApplication.php(282): CController->run('findpwd')
#8 /var/www/blueu/framework/web/CWebApplication.php(141): CWebApplication->runController('admin/manager/f...')
#9 /var/www/blueu/framework/base/CApplication.php(184): CWebApplication->processRequest()
#10 /var/www/blueu/index.php(13): CApplication->run()
#11 {main}
REQUEST_URI=/admin/manager/findpwd
HTTP_REFERER=http://blueu.hugb.com/admin/manager/findpwd
---
2014/05/21 13:35:07 [error] [exception.CException] exception 'CException' with message '别名 "application.extensions.mailer.EMailer" 无效。请确认它指向一个存在的PHP文件。' in /var/www/blueu/framework/YiiBase.php:323
Stack trace:
#0 /var/www/blueu/framework/YiiBase.php(196): YiiBase::import('application.ext...', true)
#1 /var/www/blueu/protected/behaviors/AccountBehavior.php(41): YiiBase::createComponent('application.ext...')
#2 /var/www/blueu/protected/modules/admin/controllers/ManagerController.php(77): AccountBehavior->sendResetPwdMail('hugb@yun70.com....')
#3 /var/www/blueu/framework/web/actions/CInlineAction.php(49): ManagerController->actionFindpwd()
#4 /var/www/blueu/framework/web/CController.php(308): CInlineAction->runWithParams(Array)
#5 /var/www/blueu/framework/web/CController.php(286): CController->runAction(Object(CInlineAction))
#6 /var/www/blueu/framework/web/CController.php(265): CController->runActionWithFilters(Object(CInlineAction), Array)
#7 /var/www/blueu/framework/web/CWebApplication.php(282): CController->run('findpwd')
#8 /var/www/blueu/framework/web/CWebApplication.php(141): CWebApplication->runController('admin/manager/f...')
#9 /var/www/blueu/framework/base/CApplication.php(184): CWebApplication->processRequest()
#10 /var/www/blueu/index.php(13): CApplication->run()
#11 {main}
REQUEST_URI=/admin/manager/findpwd
HTTP_REFERER=http://blueu.hugb.com/admin/manager/findpwd
---
2014/05/21 13:36:36 [error] [exception.CException] exception 'CException' with message '别名 "application.extensions.mailer.EMailer" 无效。请确认它指向一个存在的PHP文件。' in /var/www/blueu/framework/YiiBase.php:323
Stack trace:
#0 /var/www/blueu/framework/YiiBase.php(196): YiiBase::import('application.ext...', true)
#1 /var/www/blueu/protected/behaviors/AccountBehavior.php(41): YiiBase::createComponent('application.ext...')
#2 /var/www/blueu/protected/modules/admin/controllers/ManagerController.php(77): AccountBehavior->sendResetPwdMail('hugb@yun70.com....')
#3 /var/www/blueu/framework/web/actions/CInlineAction.php(49): ManagerController->actionFindpwd()
#4 /var/www/blueu/framework/web/CController.php(308): CInlineAction->runWithParams(Array)
#5 /var/www/blueu/framework/web/CController.php(286): CController->runAction(Object(CInlineAction))
#6 /var/www/blueu/framework/web/CController.php(265): CController->runActionWithFilters(Object(CInlineAction), Array)
#7 /var/www/blueu/framework/web/CWebApplication.php(282): CController->run('findpwd')
#8 /var/www/blueu/framework/web/CWebApplication.php(141): CWebApplication->runController('admin/manager/f...')
#9 /var/www/blueu/framework/base/CApplication.php(184): CWebApplication->processRequest()
#10 /var/www/blueu/index.php(13): CApplication->run()
#11 {main}
REQUEST_URI=/admin/manager/findpwd
HTTP_REFERER=http://blueu.hugb.com/admin/manager/findpwd
---
2014/05/21 13:37:29 [error] [exception.CException] exception 'CException' with message '别名 "application.extensions.mailer.EMailer" 无效。请确认它指向一个存在的PHP文件。' in /var/www/blueu/framework/YiiBase.php:323
Stack trace:
#0 /var/www/blueu/framework/YiiBase.php(196): YiiBase::import('application.ext...', true)
#1 /var/www/blueu/protected/behaviors/AccountBehavior.php(41): YiiBase::createComponent('application.ext...')
#2 /var/www/blueu/protected/modules/admin/controllers/ManagerController.php(77): AccountBehavior->sendResetPwdMail('hugb@yun70.com....')
#3 /var/www/blueu/framework/web/actions/CInlineAction.php(49): ManagerController->actionFindpwd()
#4 /var/www/blueu/framework/web/CController.php(308): CInlineAction->runWithParams(Array)
#5 /var/www/blueu/framework/web/CController.php(286): CController->runAction(Object(CInlineAction))
#6 /var/www/blueu/framework/web/CController.php(265): CController->runActionWithFilters(Object(CInlineAction), Array)
#7 /var/www/blueu/framework/web/CWebApplication.php(282): CController->run('findpwd')
#8 /var/www/blueu/framework/web/CWebApplication.php(141): CWebApplication->runController('admin/manager/f...')
#9 /var/www/blueu/framework/base/CApplication.php(184): CWebApplication->processRequest()
#10 /var/www/blueu/index.php(13): CApplication->run()
#11 {main}
REQUEST_URI=/admin/manager/findpwd
HTTP_REFERER=http://blueu.hugb.com/admin/manager/findpwd
---
2014/05/21 13:37:31 [error] [exception.CException] exception 'CException' with message '别名 "application.extensions.mailer.EMailer" 无效。请确认它指向一个存在的PHP文件。' in /var/www/blueu/framework/YiiBase.php:323
Stack trace:
#0 /var/www/blueu/framework/YiiBase.php(196): YiiBase::import('application.ext...', true)
#1 /var/www/blueu/protected/behaviors/AccountBehavior.php(41): YiiBase::createComponent('application.ext...')
#2 /var/www/blueu/protected/modules/admin/controllers/ManagerController.php(77): AccountBehavior->sendResetPwdMail('hugb@yun70.com....')
#3 /var/www/blueu/framework/web/actions/CInlineAction.php(49): ManagerController->actionFindpwd()
#4 /var/www/blueu/framework/web/CController.php(308): CInlineAction->runWithParams(Array)
#5 /var/www/blueu/framework/web/CController.php(286): CController->runAction(Object(CInlineAction))
#6 /var/www/blueu/framework/web/CController.php(265): CController->runActionWithFilters(Object(CInlineAction), Array)
#7 /var/www/blueu/framework/web/CWebApplication.php(282): CController->run('findpwd')
#8 /var/www/blueu/framework/web/CWebApplication.php(141): CWebApplication->runController('admin/manager/f...')
#9 /var/www/blueu/framework/base/CApplication.php(184): CWebApplication->processRequest()
#10 /var/www/blueu/index.php(13): CApplication->run()
#11 {main}
REQUEST_URI=/admin/manager/findpwd
HTTP_REFERER=http://blueu.hugb.com/admin/manager/findpwd
---
2014/05/21 13:37:36 [error] [exception.CHttpException.404] exception 'CHttpException' with message '系统无法找到请求的 "index" 动作.' in /var/www/blueu/framework/web/CController.php:483
Stack trace:
#0 /var/www/blueu/framework/web/CController.php(270): CController->missingAction('')
#1 /var/www/blueu/framework/web/CWebApplication.php(282): CController->run('')
#2 /var/www/blueu/framework/web/CWebApplication.php(141): CWebApplication->runController('admin/manager')
#3 /var/www/blueu/framework/base/CApplication.php(184): CWebApplication->processRequest()
#4 /var/www/blueu/index.php(13): CApplication->run()
#5 {main}
REQUEST_URI=/admin/manager/
---
2014/05/21 13:37:40 [error] [exception.CException] exception 'CException' with message '别名 "application.extensions.mailer.EMailer" 无效。请确认它指向一个存在的PHP文件。' in /var/www/blueu/framework/YiiBase.php:323
Stack trace:
#0 /var/www/blueu/framework/YiiBase.php(196): YiiBase::import('application.ext...', true)
#1 /var/www/blueu/protected/behaviors/AccountBehavior.php(41): YiiBase::createComponent('application.ext...')
#2 /var/www/blueu/protected/modules/admin/controllers/ManagerController.php(77): AccountBehavior->sendResetPwdMail('hugb@yun70.com....')
#3 /var/www/blueu/framework/web/actions/CInlineAction.php(49): ManagerController->actionFindpwd()
#4 /var/www/blueu/framework/web/CController.php(308): CInlineAction->runWithParams(Array)
#5 /var/www/blueu/framework/web/CController.php(286): CController->runAction(Object(CInlineAction))
#6 /var/www/blueu/framework/web/CController.php(265): CController->runActionWithFilters(Object(CInlineAction), Array)
#7 /var/www/blueu/framework/web/CWebApplication.php(282): CController->run('findpwd')
#8 /var/www/blueu/framework/web/CWebApplication.php(141): CWebApplication->runController('admin/manager/f...')
#9 /var/www/blueu/framework/base/CApplication.php(184): CWebApplication->processRequest()
#10 /var/www/blueu/index.php(13): CApplication->run()
#11 {main}
REQUEST_URI=/admin/manager/findpwd
HTTP_REFERER=http://blueu.hugb.com/admin/manager/findpwd
---
2014/05/21 13:37:52 [error] [exception.CException] exception 'CException' with message '别名 "application.extensions.mailer.MailerHelp" 无效。请确认它指向一个存在的PHP文件。' in /var/www/blueu/framework/YiiBase.php:323
Stack trace:
#0 /var/www/blueu/framework/YiiBase.php(196): YiiBase::import('application.ext...', true)
#1 /var/www/blueu/protected/behaviors/AccountBehavior.php(41): YiiBase::createComponent('application.ext...')
#2 /var/www/blueu/protected/modules/admin/controllers/ManagerController.php(77): AccountBehavior->sendResetPwdMail('hugb@yun70.com....')
#3 /var/www/blueu/framework/web/actions/CInlineAction.php(49): ManagerController->actionFindpwd()
#4 /var/www/blueu/framework/web/CController.php(308): CInlineAction->runWithParams(Array)
#5 /var/www/blueu/framework/web/CController.php(286): CController->runAction(Object(CInlineAction))
#6 /var/www/blueu/framework/web/CController.php(265): CController->runActionWithFilters(Object(CInlineAction), Array)
#7 /var/www/blueu/framework/web/CWebApplication.php(282): CController->run('findpwd')
#8 /var/www/blueu/framework/web/CWebApplication.php(141): CWebApplication->runController('admin/manager/f...')
#9 /var/www/blueu/framework/base/CApplication.php(184): CWebApplication->processRequest()
#10 /var/www/blueu/index.php(13): CApplication->run()
#11 {main}
REQUEST_URI=/admin/manager/findpwd
HTTP_REFERER=http://blueu.hugb.com/admin/manager/findpwd
---
2014/05/21 14:04:47 [error] [exception.CHttpException.404] exception 'CHttpException' with message '无法解析请求 "statics/js/jquery.min.map"。' in /var/www/blueu/framework/web/CWebApplication.php:286
Stack trace:
#0 /var/www/blueu/framework/web/CWebApplication.php(141): CWebApplication->runController('statics/js/jque...')
#1 /var/www/blueu/framework/base/CApplication.php(184): CWebApplication->processRequest()
#2 /var/www/blueu/index.php(13): CApplication->run()
#3 {main}
REQUEST_URI=/statics/js/jquery.min.map
HTTP_REFERER=http://blueu.hugb.com/admin/manager/profile
---
2014/05/21 14:08:27 [error] [exception.CHttpException.404] exception 'CHttpException' with message '无法解析请求 "statics/js/jquery.min.map"。' in /var/www/blueu/framework/web/CWebApplication.php:286
Stack trace:
#0 /var/www/blueu/framework/web/CWebApplication.php(141): CWebApplication->runController('statics/js/jque...')
#1 /var/www/blueu/framework/base/CApplication.php(184): CWebApplication->processRequest()
#2 /var/www/blueu/index.php(13): CApplication->run()
#3 {main}
REQUEST_URI=/statics/js/jquery.min.map
HTTP_REFERER=http://blueu.hugb.com/admin/manager/profile
---
2014/05/21 14:08:39 [error] [exception.CHttpException.404] exception 'CHttpException' with message '无法解析请求 "statics/js/jquery.min.map"。' in /var/www/blueu/framework/web/CWebApplication.php:286
Stack trace:
#0 /var/www/blueu/framework/web/CWebApplication.php(141): CWebApplication->runController('statics/js/jque...')
#1 /var/www/blueu/framework/base/CApplication.php(184): CWebApplication->processRequest()
#2 /var/www/blueu/index.php(13): CApplication->run()
#3 {main}
REQUEST_URI=/statics/js/jquery.min.map
HTTP_REFERER=http://blueu.hugb.com/admin/manager/profile
---
2014/05/21 14:08:57 [error] [exception.CHttpException.404] exception 'CHttpException' with message '无法解析请求 "statics/js/jquery.min.map"。' in /var/www/blueu/framework/web/CWebApplication.php:286
Stack trace:
#0 /var/www/blueu/framework/web/CWebApplication.php(141): CWebApplication->runController('statics/js/jque...')
#1 /var/www/blueu/framework/base/CApplication.php(184): CWebApplication->processRequest()
#2 /var/www/blueu/index.php(13): CApplication->run()
#3 {main}
REQUEST_URI=/statics/js/jquery.min.map
HTTP_REFERER=http://blueu.hugb.com/admin/manager/profile
---
2014/05/21 14:09:28 [error] [exception.CHttpException.404] exception 'CHttpException' with message '无法解析请求 "statics/js/jquery.min.map"。' in /var/www/blueu/framework/web/CWebApplication.php:286
Stack trace:
#0 /var/www/blueu/framework/web/CWebApplication.php(141): CWebApplication->runController('statics/js/jque...')
#1 /var/www/blueu/framework/base/CApplication.php(184): CWebApplication->processRequest()
#2 /var/www/blueu/index.php(13): CApplication->run()
#3 {main}
REQUEST_URI=/statics/js/jquery.min.map
HTTP_REFERER=http://blueu.hugb.com/admin/manager/profile
---
2014/05/21 14:09:48 [error] [exception.CHttpException.404] exception 'CHttpException' with message '无法解析请求 "statics/js/jquery.min.map"。' in /var/www/blueu/framework/web/CWebApplication.php:286
Stack trace:
#0 /var/www/blueu/framework/web/CWebApplication.php(141): CWebApplication->runController('statics/js/jque...')
#1 /var/www/blueu/framework/base/CApplication.php(184): CWebApplication->processRequest()
#2 /var/www/blueu/index.php(13): CApplication->run()
#3 {main}
REQUEST_URI=/statics/js/jquery.min.map
HTTP_REFERER=http://blueu.hugb.com/admin/manager/profile
---
2014/05/21 14:10:00 [error] [exception.CHttpException.404] exception 'CHttpException' with message '无法解析请求 "statics/js/jquery.min.map"。' in /var/www/blueu/framework/web/CWebApplication.php:286
Stack trace:
#0 /var/www/blueu/framework/web/CWebApplication.php(141): CWebApplication->runController('statics/js/jque...')
#1 /var/www/blueu/framework/base/CApplication.php(184): CWebApplication->processRequest()
#2 /var/www/blueu/index.php(13): CApplication->run()
#3 {main}
REQUEST_URI=/statics/js/jquery.min.map
HTTP_REFERER=http://blueu.hugb.com/admin/manager/profile
---
2014/05/21 14:13:30 [error] [exception.CHttpException.404] exception 'CHttpException' with message '无法解析请求 "statics/js/jquery.min.map"。' in /var/www/blueu/framework/web/CWebApplication.php:286
Stack trace:
#0 /var/www/blueu/framework/web/CWebApplication.php(141): CWebApplication->runController('statics/js/jque...')
#1 /var/www/blueu/framework/base/CApplication.php(184): CWebApplication->processRequest()
#2 /var/www/blueu/index.php(13): CApplication->run()
#3 {main}
REQUEST_URI=/statics/js/jquery.min.map
HTTP_REFERER=http://blueu.hugb.com/admin/manager/profile
---
2014/05/21 14:14:01 [error] [exception.CHttpException.404] exception 'CHttpException' with message '无法解析请求 "statics/js/jquery.min.map"。' in /var/www/blueu/framework/web/CWebApplication.php:286
Stack trace:
#0 /var/www/blueu/framework/web/CWebApplication.php(141): CWebApplication->runController('statics/js/jque...')
#1 /var/www/blueu/framework/base/CApplication.php(184): CWebApplication->processRequest()
#2 /var/www/blueu/index.php(13): CApplication->run()
#3 {main}
REQUEST_URI=/statics/js/jquery.min.map
HTTP_REFERER=http://blueu.hugb.com/admin/manager/profile
---
2014/05/21 14:14:09 [error] [exception.CHttpException.404] exception 'CHttpException' with message '无法解析请求 "statics/js/jquery.min.map"。' in /var/www/blueu/framework/web/CWebApplication.php:286
Stack trace:
#0 /var/www/blueu/framework/web/CWebApplication.php(141): CWebApplication->runController('statics/js/jque...')
#1 /var/www/blueu/framework/base/CApplication.php(184): CWebApplication->processRequest()
#2 /var/www/blueu/index.php(13): CApplication->run()
#3 {main}
REQUEST_URI=/statics/js/jquery.min.map
HTTP_REFERER=http://blueu.hugb.com/admin/manager/profile
---
2014/05/21 14:14:27 [error] [exception.CHttpException.404] exception 'CHttpException' with message '无法解析请求 "statics/js/jquery.min.map"。' in /var/www/blueu/framework/web/CWebApplication.php:286
Stack trace:
#0 /var/www/blueu/framework/web/CWebApplication.php(141): CWebApplication->runController('statics/js/jque...')
#1 /var/www/blueu/framework/base/CApplication.php(184): CWebApplication->processRequest()
#2 /var/www/blueu/index.php(13): CApplication->run()
#3 {main}
REQUEST_URI=/statics/js/jquery.min.map
HTTP_REFERER=http://blueu.hugb.com/admin/manager/profile
---
2014/05/21 14:14:37 [error] [exception.CHttpException.404] exception 'CHttpException' with message '无法解析请求 "statics/js/jquery.min.map"。' in /var/www/blueu/framework/web/CWebApplication.php:286
Stack trace:
#0 /var/www/blueu/framework/web/CWebApplication.php(141): CWebApplication->runController('statics/js/jque...')
#1 /var/www/blueu/framework/base/CApplication.php(184): CWebApplication->processRequest()
#2 /var/www/blueu/index.php(13): CApplication->run()
#3 {main}
REQUEST_URI=/statics/js/jquery.min.map
HTTP_REFERER=http://blueu.hugb.com/admin/manager/profile
---
2014/05/21 14:14:59 [error] [exception.CHttpException.404] exception 'CHttpException' with message '无法解析请求 "statics/js/jquery.min.map"。' in /var/www/blueu/framework/web/CWebApplication.php:286
Stack trace:
#0 /var/www/blueu/framework/web/CWebApplication.php(141): CWebApplication->runController('statics/js/jque...')
#1 /var/www/blueu/framework/base/CApplication.php(184): CWebApplication->processRequest()
#2 /var/www/blueu/index.php(13): CApplication->run()
#3 {main}
REQUEST_URI=/statics/js/jquery.min.map
HTTP_REFERER=http://blueu.hugb.com/admin/manager/profile
---
2014/05/21 14:22:13 [error] [exception.CHttpException.404] exception 'CHttpException' with message '无法解析请求 "statics/js/jquery.min.map"。' in /var/www/blueu/framework/web/CWebApplication.php:286
Stack trace:
#0 /var/www/blueu/framework/web/CWebApplication.php(141): CWebApplication->runController('statics/js/jque...')
#1 /var/www/blueu/framework/base/CApplication.php(184): CWebApplication->processRequest()
#2 /var/www/blueu/index.php(13): CApplication->run()
#3 {main}
REQUEST_URI=/statics/js/jquery.min.map
HTTP_REFERER=http://blueu.hugb.com/admin/manager/profile
---
2014/05/21 14:22:49 [error] [exception.CHttpException.404] exception 'CHttpException' with message '无法解析请求 "statics/js/jquery.min.map"。' in /var/www/blueu/framework/web/CWebApplication.php:286
Stack trace:
#0 /var/www/blueu/framework/web/CWebApplication.php(141): CWebApplication->runController('statics/js/jque...')
#1 /var/www/blueu/framework/base/CApplication.php(184): CWebApplication->processRequest()
#2 /var/www/blueu/index.php(13): CApplication->run()
#3 {main}
REQUEST_URI=/statics/js/jquery.min.map
HTTP_REFERER=http://blueu.hugb.com/admin/manager/profile
---
2014/05/21 14:22:59 [error] [exception.CHttpException.404] exception 'CHttpException' with message '无法解析请求 "statics/js/jquery.min.map"。' in /var/www/blueu/framework/web/CWebApplication.php:286
Stack trace:
#0 /var/www/blueu/framework/web/CWebApplication.php(141): CWebApplication->runController('statics/js/jque...')
#1 /var/www/blueu/framework/base/CApplication.php(184): CWebApplication->processRequest()
#2 /var/www/blueu/index.php(13): CApplication->run()
#3 {main}
REQUEST_URI=/statics/js/jquery.min.map
HTTP_REFERER=http://blueu.hugb.com/admin/manager/profile
---
2014/05/21 14:23:20 [error] [exception.CHttpException.404] exception 'CHttpException' with message '无法解析请求 "statics/js/jquery.min.map"。' in /var/www/blueu/framework/web/CWebApplication.php:286
Stack trace:
#0 /var/www/blueu/framework/web/CWebApplication.php(141): CWebApplication->runController('statics/js/jque...')
#1 /var/www/blueu/framework/base/CApplication.php(184): CWebApplication->processRequest()
#2 /var/www/blueu/index.php(13): CApplication->run()
#3 {main}
REQUEST_URI=/statics/js/jquery.min.map
HTTP_REFERER=http://blueu.hugb.com/admin/manager/profile
---
2014/05/21 14:23:21 [error] [exception.CHttpException.404] exception 'CHttpException' with message '无法解析请求 "statics/js/jquery.min.map"。' in /var/www/blueu/framework/web/CWebApplication.php:286
Stack trace:
#0 /var/www/blueu/framework/web/CWebApplication.php(141): CWebApplication->runController('statics/js/jque...')
#1 /var/www/blueu/framework/base/CApplication.php(184): CWebApplication->processRequest()
#2 /var/www/blueu/index.php(13): CApplication->run()
#3 {main}
REQUEST_URI=/statics/js/jquery.min.map
HTTP_REFERER=http://blueu.hugb.com/admin/manager/profile
---
2014/05/21 14:23:43 [error] [exception.CHttpException.404] exception 'CHttpException' with message '无法解析请求 "statics/js/jquery.min.map"。' in /var/www/blueu/framework/web/CWebApplication.php:286
Stack trace:
#0 /var/www/blueu/framework/web/CWebApplication.php(141): CWebApplication->runController('statics/js/jque...')
#1 /var/www/blueu/framework/base/CApplication.php(184): CWebApplication->processRequest()
#2 /var/www/blueu/index.php(13): CApplication->run()
#3 {main}
REQUEST_URI=/statics/js/jquery.min.map
HTTP_REFERER=http://blueu.hugb.com/admin/manager/profile
---
